nohup: ignoring input
Trying ftp://ftp.sra.ebi.ac.uk/vol1/fastq/SRR524/001/SRR5246941/SRR5246941_1.fastq.gz [OK]
Trying ftp://ftp.sra.ebi.ac.uk/vol1/fastq/SRR524/001/SRR5246941/SRR5246941_2.fastq.gz [OK]
Trying ftp://ftp.sra.ebi.ac.uk/vol1/fastq/SRR524/007/SRR5246937/SRR5246937_1.fastq.gz [OK]
Trying ftp://ftp.sra.ebi.ac.uk/vol1/fastq/SRR524/007/SRR5246937/SRR5246937_2.fastq.gz [OK]
Trying ftp://ftp.sra.ebi.ac.uk/vol1/fastq/SRR524/008/SRR5246938/SRR5246938_1.fastq.gz [OK]
Trying ftp://ftp.sra.ebi.ac.uk/vol1/fastq/SRR524/008/SRR5246938/SRR5246938_2.fastq.gz [OK]
Trying ftp://ftp.sra.ebi.ac.uk/vol1/fastq/SRR524/002/SRR5246942/SRR5246942_1.fastq.gz [OK]
Trying ftp://ftp.sra.ebi.ac.uk/vol1/fastq/SRR524/002/SRR5246942/SRR5246942_2.fastq.gz [OK]
Trying ftp://ftp.sra.ebi.ac.uk/vol1/fastq/SRR524/004/SRR5246944/SRR5246944_1.fastq.gz [OK]
Trying ftp://ftp.sra.ebi.ac.uk/vol1/fastq/SRR524/004/SRR5246944/SRR5246944_2.fastq.gz [OK]
Trying ftp://ftp.sra.ebi.ac.uk/vol1/fastq/SRR524/000/SRR5246940/SRR5246940_1.fastq.gz [OK]
Trying ftp://ftp.sra.ebi.ac.uk/vol1/fastq/SRR524/000/SRR5246940/SRR5246940_2.fastq.gz [OK]
Trying ftp://ftp.sra.ebi.ac.uk/vol1/fastq/SRR524/003/SRR5246943/SRR5246943_1.fastq.gz [OK]
Trying ftp://ftp.sra.ebi.ac.uk/vol1/fastq/SRR524/003/SRR5246943/SRR5246943_2.fastq.gz [OK]
Trying ftp://ftp.sra.ebi.ac.uk/vol1/fastq/SRR524/005/SRR5246945/SRR5246945_1.fastq.gz [OK]
Trying ftp://ftp.sra.ebi.ac.uk/vol1/fastq/SRR524/005/SRR5246945/SRR5246945_2.fastq.gz [OK]
Trying ftp://ftp.sra.ebi.ac.uk/vol1/fastq/SRR524/006/SRR5246946/SRR5246946_1.fastq.gz [OK]
Trying ftp://ftp.sra.ebi.ac.uk/vol1/fastq/SRR524/006/SRR5246946/SRR5246946_2.fastq.gz [OK]
Trying ftp://ftp.sra.ebi.ac.uk/vol1/fastq/SRR524/009/SRR5246939/SRR5246939_1.fastq.gz [OK]
Trying ftp://ftp.sra.ebi.ac.uk/vol1/fastq/SRR524/009/SRR5246939/SRR5246939_2.fastq.gz [OK]
Trying ftp://ftp.sra.ebi.ac.uk/vol1/fastq/SRR524/009/SRR5246949/SRR5246949_1.fastq.gz [OK]
Trying ftp://ftp.sra.ebi.ac.uk/vol1/fastq/SRR524/009/SRR5246949/SRR5246949_2.fastq.gz [OK]
Trying ftp://ftp.sra.ebi.ac.uk/vol1/fastq/SRR524/007/SRR5246947/SRR5246947_1.fastq.gz [OK]
Trying ftp://ftp.sra.ebi.ac.uk/vol1/fastq/SRR524/007/SRR5246947/SRR5246947_2.fastq.gz [OK]
Trying ftp://ftp.sra.ebi.ac.uk/vol1/fastq/SRR524/008/SRR5246948/SRR5246948_1.fastq.gz [OK]
Trying ftp://ftp.sra.ebi.ac.uk/vol1/fastq/SRR524/008/SRR5246948/SRR5246948_2.fastq.gz [OK]
Trying ftp://ftp.sra.ebi.ac.uk/vol1/fastq/SRR524/000/SRR5246950/SRR5246950_1.fastq.gz [OK]
Trying ftp://ftp.sra.ebi.ac.uk/vol1/fastq/SRR524/000/SRR5246950/SRR5246950_2.fastq.gz [OK]
Trying ftp://ftp.sra.ebi.ac.uk/vol1/fastq/SRR524/008/SRR5246958/SRR5246958_1.fastq.gz [OK]
Trying ftp://ftp.sra.ebi.ac.uk/vol1/fastq/SRR524/008/SRR5246958/SRR5246958_2.fastq.gz [OK]
Trying ftp://ftp.sra.ebi.ac.uk/vol1/fastq/SRR524/001/SRR5246951/SRR5246951_1.fastq.gz [OK]
Trying ftp://ftp.sra.ebi.ac.uk/vol1/fastq/SRR524/001/SRR5246951/SRR5246951_2.fastq.gz [OK]
Trying ftp://ftp.sra.ebi.ac.uk/vol1/fastq/SRR524/002/SRR5246952/SRR5246952_1.fastq.gz [OK]
Trying ftp://ftp.sra.ebi.ac.uk/vol1/fastq/SRR524/002/SRR5246952/SRR5246952_2.fastq.gz [OK]
Trying ftp://ftp.sra.ebi.ac.uk/vol1/fastq/SRR524/005/SRR5246955/SRR5246955_1.fastq.gz [OK]
Trying ftp://ftp.sra.ebi.ac.uk/vol1/fastq/SRR524/005/SRR5246955/SRR5246955_2.fastq.gz [OK]
Trying ftp://ftp.sra.ebi.ac.uk/vol1/fastq/SRR524/004/SRR5246954/SRR5246954_1.fastq.gz [OK]
Trying ftp://ftp.sra.ebi.ac.uk/vol1/fastq/SRR524/004/SRR5246954/SRR5246954_2.fastq.gz [OK]
Trying ftp://ftp.sra.ebi.ac.uk/vol1/fastq/SRR524/003/SRR5246953/SRR5246953_1.fastq.gz [OK]
Trying ftp://ftp.sra.ebi.ac.uk/vol1/fastq/SRR524/003/SRR5246953/SRR5246953_2.fastq.gz [OK]
Trying ftp://ftp.sra.ebi.ac.uk/vol1/fastq/SRR524/006/SRR5246956/SRR5246956_1.fastq.gz [OK]
Trying ftp://ftp.sra.ebi.ac.uk/vol1/fastq/SRR524/006/SRR5246956/SRR5246956_2.fastq.gz [OK]
Trying ftp://ftp.sra.ebi.ac.uk/vol1/fastq/SRR524/009/SRR5246959/SRR5246959_1.fastq.gz [OK]
Trying ftp://ftp.sra.ebi.ac.uk/vol1/fastq/SRR524/009/SRR5246959/SRR5246959_2.fastq.gz [OK]
Trying ftp://ftp.sra.ebi.ac.uk/vol1/fastq/SRR524/007/SRR5246957/SRR5246957_1.fastq.gz [OK]
Trying ftp://ftp.sra.ebi.ac.uk/vol1/fastq/SRR524/007/SRR5246957/SRR5246957_2.fastq.gz [OK]
Trying ftp://ftp.sra.ebi.ac.uk/vol1/fastq/SRR524/002/SRR5246962/SRR5246962_1.fastq.gz [OK]
Trying ftp://ftp.sra.ebi.ac.uk/vol1/fastq/SRR524/002/SRR5246962/SRR5246962_2.fastq.gz [OK]
Trying ftp://ftp.sra.ebi.ac.uk/vol1/fastq/SRR524/001/SRR5246961/SRR5246961_1.fastq.gz [OK]
Trying ftp://ftp.sra.ebi.ac.uk/vol1/fastq/SRR524/001/SRR5246961/SRR5246961_2.fastq.gz [OK]
Trying ftp://ftp.sra.ebi.ac.uk/vol1/fastq/SRR524/007/SRR5246967/SRR5246967_1.fastq.gz [OK]
Trying ftp://ftp.sra.ebi.ac.uk/vol1/fastq/SRR524/007/SRR5246967/SRR5246967_2.fastq.gz [OK]
Trying ftp://ftp.sra.ebi.ac.uk/vol1/fastq/SRR524/000/SRR5246960/SRR5246960_1.fastq.gz [OK]
Trying ftp://ftp.sra.ebi.ac.uk/vol1/fastq/SRR524/000/SRR5246960/SRR5246960_2.fastq.gz [OK]
Trying ftp://ftp.sra.ebi.ac.uk/vol1/fastq/SRR524/003/SRR5246963/SRR5246963_1.fastq.gz [OK]
Trying ftp://ftp.sra.ebi.ac.uk/vol1/fastq/SRR524/003/SRR5246963/SRR5246963_2.fastq.gz [OK]
Trying ftp://ftp.sra.ebi.ac.uk/vol1/fastq/SRR524/009/SRR5246969/SRR5246969_1.fastq.gz [OK]
Trying ftp://ftp.sra.ebi.ac.uk/vol1/fastq/SRR524/009/SRR5246969/SRR5246969_2.fastq.gz [OK]
Trying ftp://ftp.sra.ebi.ac.uk/vol1/fastq/SRR524/006/SRR5246966/SRR5246966_1.fastq.gz [OK]
Trying ftp://ftp.sra.ebi.ac.uk/vol1/fastq/SRR524/006/SRR5246966/SRR5246966_2.fastq.gz [OK]
Trying ftp://ftp.sra.ebi.ac.uk/vol1/fastq/SRR524/008/SRR5246968/SRR5246968_1.fastq.gz [OK]
Trying ftp://ftp.sra.ebi.ac.uk/vol1/fastq/SRR524/008/SRR5246968/SRR5246968_2.fastq.gz [OK]
Trying ftp://ftp.sra.ebi.ac.uk/vol1/fastq/SRR524/001/SRR5246971/SRR5246971_1.fastq.gz [OK]
Trying ftp://ftp.sra.ebi.ac.uk/vol1/fastq/SRR524/001/SRR5246971/SRR5246971_2.fastq.gz [OK]
Trying ftp://ftp.sra.ebi.ac.uk/vol1/fastq/SRR524/004/SRR5246964/SRR5246964_1.fastq.gz [OK]
Trying ftp://ftp.sra.ebi.ac.uk/vol1/fastq/SRR524/004/SRR5246964/SRR5246964_2.fastq.gz [OK]
Trying ftp://ftp.sra.ebi.ac.uk/vol1/fastq/SRR524/005/SRR5246965/SRR5246965_1.fastq.gz [OK]
Trying ftp://ftp.sra.ebi.ac.uk/vol1/fastq/SRR524/005/SRR5246965/SRR5246965_2.fastq.gz [OK]
Trying ftp://ftp.sra.ebi.ac.uk/vol1/fastq/SRR524/003/SRR5246973/SRR5246973_1.fastq.gz [OK]
Trying ftp://ftp.sra.ebi.ac.uk/vol1/fastq/SRR524/003/SRR5246973/SRR5246973_2.fastq.gz [OK]
Trying ftp://ftp.sra.ebi.ac.uk/vol1/fastq/SRR524/000/SRR5246970/SRR5246970_1.fastq.gz [OK]
Trying ftp://ftp.sra.ebi.ac.uk/vol1/fastq/SRR524/000/SRR5246970/SRR5246970_2.fastq.gz [OK]
Trying ftp://ftp.sra.ebi.ac.uk/vol1/fastq/SRR524/002/SRR5246972/SRR5246972_1.fastq.gz [OK]
Trying ftp://ftp.sra.ebi.ac.uk/vol1/fastq/SRR524/002/SRR5246972/SRR5246972_2.fastq.gz [OK]
Trying ftp://ftp.sra.ebi.ac.uk/vol1/fastq/SRR524/007/SRR5246977/SRR5246977_1.fastq.gz [OK]
Trying ftp://ftp.sra.ebi.ac.uk/vol1/fastq/SRR524/007/SRR5246977/SRR5246977_2.fastq.gz [OK]
Trying ftp://ftp.sra.ebi.ac.uk/vol1/fastq/SRR524/006/SRR5246976/SRR5246976_1.fastq.gz [OK]
Trying ftp://ftp.sra.ebi.ac.uk/vol1/fastq/SRR524/006/SRR5246976/SRR5246976_2.fastq.gz [OK]
Trying ftp://ftp.sra.ebi.ac.uk/vol1/fastq/SRR524/004/SRR5246974/SRR5246974_1.fastq.gz [OK]
Trying ftp://ftp.sra.ebi.ac.uk/vol1/fastq/SRR524/004/SRR5246974/SRR5246974_2.fastq.gz [OK]
Trying ftp://ftp.sra.ebi.ac.uk/vol1/fastq/SRR524/005/SRR5246975/SRR5246975_1.fastq.gz [OK]
Trying ftp://ftp.sra.ebi.ac.uk/vol1/fastq/SRR524/005/SRR5246975/SRR5246975_2.fastq.gz [OK]
Trying ftp://ftp.sra.ebi.ac.uk/vol1/fastq/SRR524/000/SRR5246980/SRR5246980_1.fastq.gz [OK]
Trying ftp://ftp.sra.ebi.ac.uk/vol1/fastq/SRR524/000/SRR5246980/SRR5246980_2.fastq.gz [OK]
Trying ftp://ftp.sra.ebi.ac.uk/vol1/fastq/SRR524/001/SRR5246981/SRR5246981_1.fastq.gz [OK]
Trying ftp://ftp.sra.ebi.ac.uk/vol1/fastq/SRR524/001/SRR5246981/SRR5246981_2.fastq.gz [OK]
Trying ftp://ftp.sra.ebi.ac.uk/vol1/fastq/SRR524/003/SRR5246983/SRR5246983_1.fastq.gz [OK]
Trying ftp://ftp.sra.ebi.ac.uk/vol1/fastq/SRR524/003/SRR5246983/SRR5246983_2.fastq.gz [OK]
Trying ftp://ftp.sra.ebi.ac.uk/vol1/fastq/SRR524/008/SRR5246978/SRR5246978_1.fastq.gz [OK]
Trying ftp://ftp.sra.ebi.ac.uk/vol1/fastq/SRR524/008/SRR5246978/SRR5246978_2.fastq.gz [OK]
Trying ftp://ftp.sra.ebi.ac.uk/vol1/fastq/SRR524/009/SRR5246979/SRR5246979_1.fastq.gz [OK]
Trying ftp://ftp.sra.ebi.ac.uk/vol1/fastq/SRR524/009/SRR5246979/SRR5246979_2.fastq.gz [OK]
Trying ftp://ftp.sra.ebi.ac.uk/vol1/fastq/SRR524/004/SRR5246984/SRR5246984_1.fastq.gz [OK]
Trying ftp://ftp.sra.ebi.ac.uk/vol1/fastq/SRR524/004/SRR5246984/SRR5246984_2.fastq.gz [OK]
Trying ftp://ftp.sra.ebi.ac.uk/vol1/fastq/SRR524/006/SRR5246986/SRR5246986_1.fastq.gz [OK]
Trying ftp://ftp.sra.ebi.ac.uk/vol1/fastq/SRR524/006/SRR5246986/SRR5246986_2.fastq.gz [OK]
Trying ftp://ftp.sra.ebi.ac.uk/vol1/fastq/SRR524/005/SRR5246985/SRR5246985_1.fastq.gz [OK]
Trying ftp://ftp.sra.ebi.ac.uk/vol1/fastq/SRR524/005/SRR5246985/SRR5246985_2.fastq.gz [OK]
Trying ftp://ftp.sra.ebi.ac.uk/vol1/fastq/SRR524/009/SRR5246989/SRR5246989_1.fastq.gz [OK]
Trying ftp://ftp.sra.ebi.ac.uk/vol1/fastq/SRR524/009/SRR5246989/SRR5246989_2.fastq.gz [OK]
Trying ftp://ftp.sra.ebi.ac.uk/vol1/fastq/SRR524/007/SRR5246987/SRR5246987_1.fastq.gz [OK]
Trying ftp://ftp.sra.ebi.ac.uk/vol1/fastq/SRR524/007/SRR5246987/SRR5246987_2.fastq.gz [OK]
Trying ftp://ftp.sra.ebi.ac.uk/vol1/fastq/SRR524/002/SRR5246982/SRR5246982_1.fastq.gz [OK]
Trying ftp://ftp.sra.ebi.ac.uk/vol1/fastq/SRR524/002/SRR5246982/SRR5246982_2.fastq.gz [OK]
Trying ftp://ftp.sra.ebi.ac.uk/vol1/fastq/SRR524/008/SRR5246988/SRR5246988_1.fastq.gz [OK]
Trying ftp://ftp.sra.ebi.ac.uk/vol1/fastq/SRR524/008/SRR5246988/SRR5246988_2.fastq.gz [OK]
Trying ftp://ftp.sra.ebi.ac.uk/vol1/fastq/SRR524/000/SRR5246990/SRR5246990_1.fastq.gz [OK]
Trying ftp://ftp.sra.ebi.ac.uk/vol1/fastq/SRR524/000/SRR5246990/SRR5246990_2.fastq.gz [OK]
Trying ftp://ftp.sra.ebi.ac.uk/vol1/fastq/SRR524/002/SRR5246992/SRR5246992_1.fastq.gz [OK]
Trying ftp://ftp.sra.ebi.ac.uk/vol1/fastq/SRR524/002/SRR5246992/SRR5246992_2.fastq.gz [OK]
Trying ftp://ftp.sra.ebi.ac.uk/vol1/fastq/SRR524/005/SRR5246995/SRR5246995_1.fastq.gz [OK]
Trying ftp://ftp.sra.ebi.ac.uk/vol1/fastq/SRR524/005/SRR5246995/SRR5246995_2.fastq.gz [OK]
Trying ftp://ftp.sra.ebi.ac.uk/vol1/fastq/SRR524/004/SRR5246994/SRR5246994_1.fastq.gz [OK]
Trying ftp://ftp.sra.ebi.ac.uk/vol1/fastq/SRR524/004/SRR5246994/SRR5246994_2.fastq.gz [OK]
Trying ftp://ftp.sra.ebi.ac.uk/vol1/fastq/SRR524/003/SRR5246993/SRR5246993_1.fastq.gz [OK]
Trying ftp://ftp.sra.ebi.ac.uk/vol1/fastq/SRR524/003/SRR5246993/SRR5246993_2.fastq.gz [OK]
Trying ftp://ftp.sra.ebi.ac.uk/vol1/fastq/SRR524/006/SRR5246996/SRR5246996_1.fastq.gz [OK]
Trying ftp://ftp.sra.ebi.ac.uk/vol1/fastq/SRR524/006/SRR5246996/SRR5246996_2.fastq.gz [OK]
Trying ftp://ftp.sra.ebi.ac.uk/vol1/fastq/SRR524/001/SRR5246991/SRR5246991_1.fastq.gz [OK]
Trying ftp://ftp.sra.ebi.ac.uk/vol1/fastq/SRR524/001/SRR5246991/SRR5246991_2.fastq.gz [OK]
Trying ftp://ftp.sra.ebi.ac.uk/vol1/fastq/SRR524/008/SRR5246998/SRR5246998_1.fastq.gz [OK]
Trying ftp://ftp.sra.ebi.ac.uk/vol1/fastq/SRR524/008/SRR5246998/SRR5246998_2.fastq.gz [OK]
Trying ftp://ftp.sra.ebi.ac.uk/vol1/fastq/SRR524/009/SRR5246999/SRR5246999_1.fastq.gz [OK]
Trying ftp://ftp.sra.ebi.ac.uk/vol1/fastq/SRR524/009/SRR5246999/SRR5246999_2.fastq.gz [OK]
Trying ftp://ftp.sra.ebi.ac.uk/vol1/fastq/SRR524/007/SRR5246997/SRR5246997_1.fastq.gz [OK]
Trying ftp://ftp.sra.ebi.ac.uk/vol1/fastq/SRR524/007/SRR5246997/SRR5246997_2.fastq.gz [OK]
Trying ftp://ftp.sra.ebi.ac.uk/vol1/fastq/SRR524/004/SRR5247004/SRR5247004_1.fastq.gz [OK]
Trying ftp://ftp.sra.ebi.ac.uk/vol1/fastq/SRR524/004/SRR5247004/SRR5247004_2.fastq.gz [OK]
Trying ftp://ftp.sra.ebi.ac.uk/vol1/fastq/SRR524/000/SRR5247000/SRR5247000_1.fastq.gz [OK]
Trying ftp://ftp.sra.ebi.ac.uk/vol1/fastq/SRR524/000/SRR5247000/SRR5247000_2.fastq.gz [OK]
Trying ftp://ftp.sra.ebi.ac.uk/vol1/fastq/SRR524/001/SRR5247001/SRR5247001.fastq.gz [OK]
Trying ftp://ftp.sra.ebi.ac.uk/vol1/fastq/SRR524/001/SRR5247001/SRR5247001_1.fastq.gz [OK]
Trying ftp://ftp.sra.ebi.ac.uk/vol1/fastq/SRR524/001/SRR5247001/SRR5247001_2.fastq.gz [OK]
Trying ftp://ftp.sra.ebi.ac.uk/vol1/fastq/SRR524/002/SRR5247002/SRR5247002_1.fastq.gz [OK]
Trying ftp://ftp.sra.ebi.ac.uk/vol1/fastq/SRR524/002/SRR5247002/SRR5247002_2.fastq.gz [OK]
Trying ftp://ftp.sra.ebi.ac.uk/vol1/fastq/SRR524/008/SRR5247008/SRR5247008_1.fastq.gz [OK]
Trying ftp://ftp.sra.ebi.ac.uk/vol1/fastq/SRR524/008/SRR5247008/SRR5247008_2.fastq.gz [OK]
Trying ftp://ftp.sra.ebi.ac.uk/vol1/fastq/SRR524/007/SRR5247007/SRR5247007_1.fastq.gz [OK]
Trying ftp://ftp.sra.ebi.ac.uk/vol1/fastq/SRR524/007/SRR5247007/SRR5247007_2.fastq.gz [OK]
Trying ftp://ftp.sra.ebi.ac.uk/vol1/fastq/SRR524/003/SRR5247003/SRR5247003_1.fastq.gz [OK]
Trying ftp://ftp.sra.ebi.ac.uk/vol1/fastq/SRR524/003/SRR5247003/SRR5247003_2.fastq.gz [OK]
Trying ftp://ftp.sra.ebi.ac.uk/vol1/fastq/SRR524/006/SRR5247006/SRR5247006_1.fastq.gz [OK]
Trying ftp://ftp.sra.ebi.ac.uk/vol1/fastq/SRR524/006/SRR5247006/SRR5247006_2.fastq.gz [OK]
Trying ftp://ftp.sra.ebi.ac.uk/vol1/fastq/SRR524/005/SRR5247005/SRR5247005_1.fastq.gz [OK]
Trying ftp://ftp.sra.ebi.ac.uk/vol1/fastq/SRR524/005/SRR5247005/SRR5247005_2.fastq.gz [OK]
Trying ftp://ftp.sra.ebi.ac.uk/vol1/fastq/SRR524/009/SRR5247009/SRR5247009_1.fastq.gz [OK]
Trying ftp://ftp.sra.ebi.ac.uk/vol1/fastq/SRR524/009/SRR5247009/SRR5247009_2.fastq.gz [OK]
Trying ftp://ftp.sra.ebi.ac.uk/vol1/fastq/SRR524/002/SRR5247012/SRR5247012_1.fastq.gz [OK]
Trying ftp://ftp.sra.ebi.ac.uk/vol1/fastq/SRR524/002/SRR5247012/SRR5247012_2.fastq.gz [OK]
Trying ftp://ftp.sra.ebi.ac.uk/vol1/fastq/SRR524/000/SRR5247010/SRR5247010_1.fastq.gz [OK]
Trying ftp://ftp.sra.ebi.ac.uk/vol1/fastq/SRR524/000/SRR5247010/SRR5247010_2.fastq.gz [OK]
Trying ftp://ftp.sra.ebi.ac.uk/vol1/fastq/SRR524/005/SRR5247015/SRR5247015_1.fastq.gz [OK]
Trying ftp://ftp.sra.ebi.ac.uk/vol1/fastq/SRR524/005/SRR5247015/SRR5247015_2.fastq.gz [OK]
Trying ftp://ftp.sra.ebi.ac.uk/vol1/fastq/SRR524/004/SRR5247014/SRR5247014_1.fastq.gz [OK]
Trying ftp://ftp.sra.ebi.ac.uk/vol1/fastq/SRR524/004/SRR5247014/SRR5247014_2.fastq.gz [OK]
Trying ftp://ftp.sra.ebi.ac.uk/vol1/fastq/SRR524/003/SRR5247013/SRR5247013_1.fastq.gz [OK]
Trying ftp://ftp.sra.ebi.ac.uk/vol1/fastq/SRR524/003/SRR5247013/SRR5247013_2.fastq.gz [OK]
Trying ftp://ftp.sra.ebi.ac.uk/vol1/fastq/SRR524/001/SRR5247011/SRR5247011_1.fastq.gz [OK]
Trying ftp://ftp.sra.ebi.ac.uk/vol1/fastq/SRR524/001/SRR5247011/SRR5247011_2.fastq.gz [OK]
Trying ftp://ftp.sra.ebi.ac.uk/vol1/fastq/SRR524/006/SRR5247016/SRR5247016_1.fastq.gz [OK]
Trying ftp://ftp.sra.ebi.ac.uk/vol1/fastq/SRR524/006/SRR5247016/SRR5247016_2.fastq.gz [OK]
Trying ftp://ftp.sra.ebi.ac.uk/vol1/fastq/SRR524/009/SRR5247019/SRR5247019_1.fastq.gz [OK]
Trying ftp://ftp.sra.ebi.ac.uk/vol1/fastq/SRR524/009/SRR5247019/SRR5247019_2.fastq.gz [OK]
Trying ftp://ftp.sra.ebi.ac.uk/vol1/fastq/SRR524/008/SRR5247018/SRR5247018_1.fastq.gz [OK]
Trying ftp://ftp.sra.ebi.ac.uk/vol1/fastq/SRR524/008/SRR5247018/SRR5247018_2.fastq.gz [OK]
Trying ftp://ftp.sra.ebi.ac.uk/vol1/fastq/SRR524/007/SRR5247017/SRR5247017_1.fastq.gz [OK]
Trying ftp://ftp.sra.ebi.ac.uk/vol1/fastq/SRR524/007/SRR5247017/SRR5247017_2.fastq.gz [OK]
Trying ftp://ftp.sra.ebi.ac.uk/vol1/fastq/SRR524/000/SRR5247020/SRR5247020_1.fastq.gz [OK]
Trying ftp://ftp.sra.ebi.ac.uk/vol1/fastq/SRR524/000/SRR5247020/SRR5247020_2.fastq.gz [OK]
Trying ftp://ftp.sra.ebi.ac.uk/vol1/fastq/SRR524/001/SRR5247021/SRR5247021_1.fastq.gz [OK]
Trying ftp://ftp.sra.ebi.ac.uk/vol1/fastq/SRR524/001/SRR5247021/SRR5247021_2.fastq.gz [OK]
Trying ftp://ftp.sra.ebi.ac.uk/vol1/fastq/SRR524/002/SRR5247022/SRR5247022_1.fastq.gz [OK]
Trying ftp://ftp.sra.ebi.ac.uk/vol1/fastq/SRR524/002/SRR5247022/SRR5247022_2.fastq.gz [OK]
Trying ftp://ftp.sra.ebi.ac.uk/vol1/fastq/SRR524/003/SRR5247023/SRR5247023_1.fastq.gz [OK]
Trying ftp://ftp.sra.ebi.ac.uk/vol1/fastq/SRR524/003/SRR5247023/SRR5247023_2.fastq.gz [OK]
Trying ftp://ftp.sra.ebi.ac.uk/vol1/fastq/SRR524/007/SRR5247027/SRR5247027_1.fastq.gz [OK]
Trying ftp://ftp.sra.ebi.ac.uk/vol1/fastq/SRR524/007/SRR5247027/SRR5247027_2.fastq.gz [OK]
Trying ftp://ftp.sra.ebi.ac.uk/vol1/fastq/SRR524/005/SRR5247025/SRR5247025_1.fastq.gz [OK]
Trying ftp://ftp.sra.ebi.ac.uk/vol1/fastq/SRR524/005/SRR5247025/SRR5247025_2.fastq.gz [OK]
Trying ftp://ftp.sra.ebi.ac.uk/vol1/fastq/SRR524/000/SRR5247030/SRR5247030_1.fastq.gz [OK]
Trying ftp://ftp.sra.ebi.ac.uk/vol1/fastq/SRR524/000/SRR5247030/SRR5247030_2.fastq.gz [OK]
Trying ftp://ftp.sra.ebi.ac.uk/vol1/fastq/SRR524/004/SRR5247024/SRR5247024_1.fastq.gz [OK]
Trying ftp://ftp.sra.ebi.ac.uk/vol1/fastq/SRR524/004/SRR5247024/SRR5247024_2.fastq.gz [OK]
Trying ftp://ftp.sra.ebi.ac.uk/vol1/fastq/SRR524/008/SRR5247028/SRR5247028_1.fastq.gz [OK]
Trying ftp://ftp.sra.ebi.ac.uk/vol1/fastq/SRR524/008/SRR5247028/SRR5247028_2.fastq.gz [OK]
Trying ftp://ftp.sra.ebi.ac.uk/vol1/fastq/SRR524/006/SRR5247026/SRR5247026_1.fastq.gz [OK]
Trying ftp://ftp.sra.ebi.ac.uk/vol1/fastq/SRR524/006/SRR5247026/SRR5247026_2.fastq.gz [OK]
Trying ftp://ftp.sra.ebi.ac.uk/vol1/fastq/SRR524/001/SRR5247031/SRR5247031_1.fastq.gz [OK]
Trying ftp://ftp.sra.ebi.ac.uk/vol1/fastq/SRR524/001/SRR5247031/SRR5247031_2.fastq.gz [OK]
Trying ftp://ftp.sra.ebi.ac.uk/vol1/fastq/SRR524/009/SRR5247029/SRR5247029_1.fastq.gz [OK]
Trying ftp://ftp.sra.ebi.ac.uk/vol1/fastq/SRR524/009/SRR5247029/SRR5247029_2.fastq.gz [OK]
Trying ftp://ftp.sra.ebi.ac.uk/vol1/fastq/SRR524/002/SRR5247032/SRR5247032_1.fastq.gz [OK]
Trying ftp://ftp.sra.ebi.ac.uk/vol1/fastq/SRR524/002/SRR5247032/SRR5247032_2.fastq.gz [OK]
Trying ftp://ftp.sra.ebi.ac.uk/vol1/fastq/SRR524/004/SRR5247034/SRR5247034_1.fastq.gz [OK]
Trying ftp://ftp.sra.ebi.ac.uk/vol1/fastq/SRR524/004/SRR5247034/SRR5247034_2.fastq.gz [OK]
Trying ftp://ftp.sra.ebi.ac.uk/vol1/fastq/SRR524/003/SRR5247033/SRR5247033_1.fastq.gz [OK]
Trying ftp://ftp.sra.ebi.ac.uk/vol1/fastq/SRR524/003/SRR5247033/SRR5247033_2.fastq.gz [OK]
Trying ftp://ftp.sra.ebi.ac.uk/vol1/fastq/SRR524/005/SRR5247035/SRR5247035_1.fastq.gz [OK]
Trying ftp://ftp.sra.ebi.ac.uk/vol1/fastq/SRR524/005/SRR5247035/SRR5247035_2.fastq.gz [OK]
Trying ftp://ftp.sra.ebi.ac.uk/vol1/fastq/SRR524/002/SRR5246902/SRR5246902_1.fastq.gz [OK]
Trying ftp://ftp.sra.ebi.ac.uk/vol1/fastq/SRR524/002/SRR5246902/SRR5246902_2.fastq.gz [OK]
Trying ftp://ftp.sra.ebi.ac.uk/vol1/fastq/SRR524/006/SRR5247036/SRR5247036_1.fastq.gz [OK]
Trying ftp://ftp.sra.ebi.ac.uk/vol1/fastq/SRR524/006/SRR5247036/SRR5247036_2.fastq.gz [OK]
Trying ftp://ftp.sra.ebi.ac.uk/vol1/fastq/SRR524/003/SRR5246903/SRR5246903_1.fastq.gz [OK]
Trying ftp://ftp.sra.ebi.ac.uk/vol1/fastq/SRR524/003/SRR5246903/SRR5246903_2.fastq.gz [OK]
Trying ftp://ftp.sra.ebi.ac.uk/vol1/fastq/SRR524/004/SRR5246904/SRR5246904_1.fastq.gz [OK]
Trying ftp://ftp.sra.ebi.ac.uk/vol1/fastq/SRR524/004/SRR5246904/SRR5246904_2.fastq.gz [OK]
Trying ftp://ftp.sra.ebi.ac.uk/vol1/fastq/SRR524/006/SRR5246906/SRR5246906_1.fastq.gz [OK]
Trying ftp://ftp.sra.ebi.ac.uk/vol1/fastq/SRR524/006/SRR5246906/SRR5246906_2.fastq.gz [OK]
Trying ftp://ftp.sra.ebi.ac.uk/vol1/fastq/SRR524/008/SRR5246908/SRR5246908_1.fastq.gz [OK]
Trying ftp://ftp.sra.ebi.ac.uk/vol1/fastq/SRR524/008/SRR5246908/SRR5246908_2.fastq.gz [OK]
Trying ftp://ftp.sra.ebi.ac.uk/vol1/fastq/SRR524/009/SRR5246909/SRR5246909_1.fastq.gz [OK]
Trying ftp://ftp.sra.ebi.ac.uk/vol1/fastq/SRR524/009/SRR5246909/SRR5246909_2.fastq.gz [OK]
Trying ftp://ftp.sra.ebi.ac.uk/vol1/fastq/SRR524/005/SRR5246905/SRR5246905_1.fastq.gz [OK]
Trying ftp://ftp.sra.ebi.ac.uk/vol1/fastq/SRR524/005/SRR5246905/SRR5246905_2.fastq.gz [OK]
Trying ftp://ftp.sra.ebi.ac.uk/vol1/fastq/SRR524/001/SRR5246911/SRR5246911_1.fastq.gz [OK]
Trying ftp://ftp.sra.ebi.ac.uk/vol1/fastq/SRR524/001/SRR5246911/SRR5246911_2.fastq.gz [OK]
Trying ftp://ftp.sra.ebi.ac.uk/vol1/fastq/SRR524/007/SRR5246907/SRR5246907_1.fastq.gz [OK]
Trying ftp://ftp.sra.ebi.ac.uk/vol1/fastq/SRR524/007/SRR5246907/SRR5246907_2.fastq.gz [OK]
Trying ftp://ftp.sra.ebi.ac.uk/vol1/fastq/SRR524/000/SRR5246910/SRR5246910_1.fastq.gz [OK]
Trying ftp://ftp.sra.ebi.ac.uk/vol1/fastq/SRR524/000/SRR5246910/SRR5246910_2.fastq.gz [OK]
Trying ftp://ftp.sra.ebi.ac.uk/vol1/fastq/SRR524/002/SRR5246912/SRR5246912_1.fastq.gz [OK]
Trying ftp://ftp.sra.ebi.ac.uk/vol1/fastq/SRR524/002/SRR5246912/SRR5246912_2.fastq.gz [OK]
Trying ftp://ftp.sra.ebi.ac.uk/vol1/fastq/SRR524/003/SRR5246913/SRR5246913_1.fastq.gz [OK]
Trying ftp://ftp.sra.ebi.ac.uk/vol1/fastq/SRR524/003/SRR5246913/SRR5246913_2.fastq.gz [OK]
Trying ftp://ftp.sra.ebi.ac.uk/vol1/fastq/SRR524/004/SRR5246914/SRR5246914_1.fastq.gz [OK]
Trying ftp://ftp.sra.ebi.ac.uk/vol1/fastq/SRR524/004/SRR5246914/SRR5246914_2.fastq.gz [OK]
Trying ftp://ftp.sra.ebi.ac.uk/vol1/fastq/SRR524/005/SRR5246915/SRR5246915_1.fastq.gz [OK]
Trying ftp://ftp.sra.ebi.ac.uk/vol1/fastq/SRR524/005/SRR5246915/SRR5246915_2.fastq.gz [OK]
Trying ftp://ftp.sra.ebi.ac.uk/vol1/fastq/SRR524/006/SRR5246916/SRR5246916_1.fastq.gz [OK]
Trying ftp://ftp.sra.ebi.ac.uk/vol1/fastq/SRR524/006/SRR5246916/SRR5246916_2.fastq.gz [OK]
Trying ftp://ftp.sra.ebi.ac.uk/vol1/fastq/SRR524/007/SRR5246917/SRR5246917_1.fastq.gz [OK]
Trying ftp://ftp.sra.ebi.ac.uk/vol1/fastq/SRR524/007/SRR5246917/SRR5246917_2.fastq.gz [OK]
Trying ftp://ftp.sra.ebi.ac.uk/vol1/fastq/SRR524/008/SRR5246918/SRR5246918_1.fastq.gz [OK]
Trying ftp://ftp.sra.ebi.ac.uk/vol1/fastq/SRR524/008/SRR5246918/SRR5246918_2.fastq.gz [OK]
Trying ftp://ftp.sra.ebi.ac.uk/vol1/fastq/SRR524/001/SRR5246921/SRR5246921_1.fastq.gz [OK]
Trying ftp://ftp.sra.ebi.ac.uk/vol1/fastq/SRR524/001/SRR5246921/SRR5246921_2.fastq.gz [OK]
Trying ftp://ftp.sra.ebi.ac.uk/vol1/fastq/SRR524/009/SRR5246919/SRR5246919_1.fastq.gz [OK]
Trying ftp://ftp.sra.ebi.ac.uk/vol1/fastq/SRR524/009/SRR5246919/SRR5246919_2.fastq.gz [OK]
Trying ftp://ftp.sra.ebi.ac.uk/vol1/fastq/SRR524/002/SRR5246922/SRR5246922_1.fastq.gz [OK]
Trying ftp://ftp.sra.ebi.ac.uk/vol1/fastq/SRR524/002/SRR5246922/SRR5246922_2.fastq.gz [OK]
Trying ftp://ftp.sra.ebi.ac.uk/vol1/fastq/SRR524/003/SRR5246923/SRR5246923_1.fastq.gz [OK]
Trying ftp://ftp.sra.ebi.ac.uk/vol1/fastq/SRR524/003/SRR5246923/SRR5246923_2.fastq.gz [OK]
Trying ftp://ftp.sra.ebi.ac.uk/vol1/fastq/SRR524/000/SRR5246920/SRR5246920_1.fastq.gz [OK]
Trying ftp://ftp.sra.ebi.ac.uk/vol1/fastq/SRR524/000/SRR5246920/SRR5246920_2.fastq.gz [OK]
Trying ftp://ftp.sra.ebi.ac.uk/vol1/fastq/SRR524/004/SRR5246924/SRR5246924_1.fastq.gz [OK]
Trying ftp://ftp.sra.ebi.ac.uk/vol1/fastq/SRR524/004/SRR5246924/SRR5246924_2.fastq.gz [OK]
Trying ftp://ftp.sra.ebi.ac.uk/vol1/fastq/SRR524/005/SRR5246925/SRR5246925_1.fastq.gz [OK]
Trying ftp://ftp.sra.ebi.ac.uk/vol1/fastq/SRR524/005/SRR5246925/SRR5246925_2.fastq.gz [OK]
Trying ftp://ftp.sra.ebi.ac.uk/vol1/fastq/SRR524/008/SRR5246928/SRR5246928_1.fastq.gz [OK]
Trying ftp://ftp.sra.ebi.ac.uk/vol1/fastq/SRR524/008/SRR5246928/SRR5246928_2.fastq.gz [OK]
Trying ftp://ftp.sra.ebi.ac.uk/vol1/fastq/SRR524/006/SRR5246926/SRR5246926_1.fastq.gz [OK]
Trying ftp://ftp.sra.ebi.ac.uk/vol1/fastq/SRR524/006/SRR5246926/SRR5246926_2.fastq.gz [OK]
Trying ftp://ftp.sra.ebi.ac.uk/vol1/fastq/SRR524/007/SRR5246927/SRR5246927_1.fastq.gz [OK]
Trying ftp://ftp.sra.ebi.ac.uk/vol1/fastq/SRR524/007/SRR5246927/SRR5246927_2.fastq.gz [OK]
Trying ftp://ftp.sra.ebi.ac.uk/vol1/fastq/SRR524/000/SRR5246930/SRR5246930_1.fastq.gz [OK]
Trying ftp://ftp.sra.ebi.ac.uk/vol1/fastq/SRR524/000/SRR5246930/SRR5246930_2.fastq.gz [OK]
Trying ftp://ftp.sra.ebi.ac.uk/vol1/fastq/SRR524/009/SRR5246929/SRR5246929_1.fastq.gz [OK]
Trying ftp://ftp.sra.ebi.ac.uk/vol1/fastq/SRR524/009/SRR5246929/SRR5246929_2.fastq.gz [OK]
Trying ftp://ftp.sra.ebi.ac.uk/vol1/fastq/SRR524/001/SRR5246931/SRR5246931_1.fastq.gz [OK]
Trying ftp://ftp.sra.ebi.ac.uk/vol1/fastq/SRR524/001/SRR5246931/SRR5246931_2.fastq.gz [OK]
Trying ftp://ftp.sra.ebi.ac.uk/vol1/fastq/SRR524/005/SRR5246935/SRR5246935_1.fastq.gz [OK]
Trying ftp://ftp.sra.ebi.ac.uk/vol1/fastq/SRR524/005/SRR5246935/SRR5246935_2.fastq.gz [OK]
Trying ftp://ftp.sra.ebi.ac.uk/vol1/fastq/SRR524/006/SRR5246936/SRR5246936_1.fastq.gz [OK]
Trying ftp://ftp.sra.ebi.ac.uk/vol1/fastq/SRR524/006/SRR5246936/SRR5246936_2.fastq.gz [OK]
Trying ftp://ftp.sra.ebi.ac.uk/vol1/fastq/SRR524/002/SRR5246932/SRR5246932_1.fastq.gz [OK]
Trying ftp://ftp.sra.ebi.ac.uk/vol1/fastq/SRR524/002/SRR5246932/SRR5246932_2.fastq.gz [OK]
Trying ftp://ftp.sra.ebi.ac.uk/vol1/fastq/SRR524/003/SRR5246933/SRR5246933_1.fastq.gz [OK]
Trying ftp://ftp.sra.ebi.ac.uk/vol1/fastq/SRR524/003/SRR5246933/SRR5246933_2.fastq.gz [OK]
Trying ftp://ftp.sra.ebi.ac.uk/vol1/fastq/SRR524/004/SRR5246934/SRR5246934.fastq.gz [OK]
Trying ftp://ftp.sra.ebi.ac.uk/vol1/fastq/SRR524/004/SRR5246934/SRR5246934_1.fastq.gz [OK]
Trying ftp://ftp.sra.ebi.ac.uk/vol1/fastq/SRR524/004/SRR5246934/SRR5246934_2.fastq.gz [OK]
Trying ftp://ftp.sra.ebi.ac.uk/vol1/fastq/ERR154/002/ERR1547032/ERR1547032.fastq.gz [OK]
Trying ftp://ftp.sra.ebi.ac.uk/vol1/fastq/ERR154/006/ERR1547036/ERR1547036.fastq.gz [OK]
Trying ftp://ftp.sra.ebi.ac.uk/vol1/fastq/ERR154/004/ERR1547034/ERR1547034.fastq.gz [OK]
Trying ftp://ftp.sra.ebi.ac.uk/vol1/fastq/ERR154/009/ERR1547039/ERR1547039.fastq.gz [OK]
Trying ftp://ftp.sra.ebi.ac.uk/vol1/fastq/ERR154/008/ERR1547038/ERR1547038.fastq.gz [OK]
Trying ftp://ftp.sra.ebi.ac.uk/vol1/fastq/ERR154/005/ERR1547035/ERR1547035.fastq.gz [OK]
Trying ftp://ftp.sra.ebi.ac.uk/vol1/fastq/ERR154/003/ERR1547033/ERR1547033.fastq.gz [OK]
Trying ftp://ftp.sra.ebi.ac.uk/vol1/fastq/ERR154/007/ERR1547037/ERR1547037.fastq.gz [OK]
Trying ftp://ftp.sra.ebi.ac.uk/vol1/fastq/ERR154/000/ERR1547040/ERR1547040.fastq.gz [OK]
Trying ftp://ftp.sra.ebi.ac.uk/vol1/fastq/ERR154/001/ERR1547041/ERR1547041.fastq.gz [OK]
Trying ftp://ftp.sra.ebi.ac.uk/vol1/fastq/ERR154/002/ERR1547042/ERR1547042.fastq.gz [OK]
Trying ftp://ftp.sra.ebi.ac.uk/vol1/fastq/ERR154/003/ERR1547043/ERR1547043.fastq.gz [OK]
Trying ftp://ftp.sra.ebi.ac.uk/vol1/fastq/ERR154/009/ERR1547049/ERR1547049.fastq.gz [OK]
Trying ftp://ftp.sra.ebi.ac.uk/vol1/fastq/ERR154/001/ERR1547051/ERR1547051.fastq.gz [OK]
Trying ftp://ftp.sra.ebi.ac.uk/vol1/fastq/ERR154/004/ERR1547044/ERR1547044.fastq.gz [OK]
Trying ftp://ftp.sra.ebi.ac.uk/vol1/fastq/ERR154/002/ERR1547052/ERR1547052.fastq.gz [OK]
Trying ftp://ftp.sra.ebi.ac.uk/vol1/fastq/ERR154/006/ERR1547046/ERR1547046.fastq.gz [OK]
Trying ftp://ftp.sra.ebi.ac.uk/vol1/fastq/ERR154/008/ERR1547048/ERR1547048.fastq.gz [OK]
Trying ftp://ftp.sra.ebi.ac.uk/vol1/fastq/ERR154/007/ERR1547047/ERR1547047.fastq.gz [OK]
Trying ftp://ftp.sra.ebi.ac.uk/vol1/fastq/ERR154/000/ERR1547050/ERR1547050.fastq.gz [OK]
Trying ftp://ftp.sra.ebi.ac.uk/vol1/fastq/ERR154/003/ERR1547053/ERR1547053.fastq.gz [OK]
Trying ftp://ftp.sra.ebi.ac.uk/vol1/fastq/ERR154/005/ERR1547045/ERR1547045.fastq.gz [OK]
Trying ftp://ftp.sra.ebi.ac.uk/vol1/fastq/ERR154/005/ERR1547055/ERR1547055.fastq.gz [OK]
Trying ftp://ftp.sra.ebi.ac.uk/vol1/fastq/ERR154/007/ERR1547057/ERR1547057.fastq.gz [OK]
Trying ftp://ftp.sra.ebi.ac.uk/vol1/fastq/ERR154/004/ERR1547054/ERR1547054.fastq.gz [OK]
Trying ftp://ftp.sra.ebi.ac.uk/vol1/fastq/ERR154/008/ERR1547058/ERR1547058.fastq.gz [OK]
Trying ftp://ftp.sra.ebi.ac.uk/vol1/fastq/ERR154/009/ERR1547059/ERR1547059.fastq.gz [OK]
Trying ftp://ftp.sra.ebi.ac.uk/vol1/fastq/ERR154/006/ERR1547056/ERR1547056.fastq.gz [OK]
Trying ftp://ftp.sra.ebi.ac.uk/vol1/fastq/ERR154/001/ERR1547061/ERR1547061.fastq.gz [OK]
Trying ftp://ftp.sra.ebi.ac.uk/vol1/fastq/ERR154/000/ERR1547060/ERR1547060.fastq.gz [OK]
Trying ftp://ftp.sra.ebi.ac.uk/vol1/fastq/ERR154/002/ERR1547062/ERR1547062.fastq.gz [OK]
Trying ftp://ftp.sra.ebi.ac.uk/vol1/fastq/ERR154/003/ERR1547063/ERR1547063.fastq.gz [OK]
Trying ftp://ftp.sra.ebi.ac.uk/vol1/fastq/ERR154/006/ERR1547066/ERR1547066.fastq.gz [OK]
Trying ftp://ftp.sra.ebi.ac.uk/vol1/fastq/ERR154/007/ERR1547067/ERR1547067.fastq.gz [OK]
Trying ftp://ftp.sra.ebi.ac.uk/vol1/fastq/ERR154/008/ERR1547068/ERR1547068.fastq.gz [OK]
Trying ftp://ftp.sra.ebi.ac.uk/vol1/fastq/ERR154/000/ERR1547070/ERR1547070.fastq.gz [OK]
Trying ftp://ftp.sra.ebi.ac.uk/vol1/fastq/ERR154/009/ERR1547069/ERR1547069.fastq.gz [OK]
Trying ftp://ftp.sra.ebi.ac.uk/vol1/fastq/ERR154/002/ERR1547072/ERR1547072.fastq.gz [OK]
Trying ftp://ftp.sra.ebi.ac.uk/vol1/fastq/ERR154/004/ERR1547074/ERR1547074.fastq.gz [OK]
Trying ftp://ftp.sra.ebi.ac.uk/vol1/fastq/ERR154/007/ERR1547077/ERR1547077.fastq.gz [OK]
Trying ftp://ftp.sra.ebi.ac.uk/vol1/fastq/ERR154/009/ERR1547079/ERR1547079.fastq.gz [OK]
Trying ftp://ftp.sra.ebi.ac.uk/vol1/fastq/ERR154/005/ERR1547075/ERR1547075.fastq.gz [OK]
Trying ftp://ftp.sra.ebi.ac.uk/vol1/fastq/ERR154/008/ERR1547078/ERR1547078.fastq.gz [OK]
Trying ftp://ftp.sra.ebi.ac.uk/vol1/fastq/ERR154/004/ERR1547064/ERR1547064.fastq.gz [OK]
Trying ftp://ftp.sra.ebi.ac.uk/vol1/fastq/ERR154/005/ERR1547065/ERR1547065.fastq.gz [OK]
Trying ftp://ftp.sra.ebi.ac.uk/vol1/fastq/ERR154/001/ERR1547071/ERR1547071.fastq.gz [OK]
Trying ftp://ftp.sra.ebi.ac.uk/vol1/fastq/ERR154/000/ERR1547080/ERR1547080.fastq.gz [OK]
Trying ftp://ftp.sra.ebi.ac.uk/vol1/fastq/ERR154/003/ERR1547073/ERR1547073.fastq.gz [OK]
Trying ftp://ftp.sra.ebi.ac.uk/vol1/fastq/ERR154/006/ERR1547076/ERR1547076.fastq.gz [OK]
Trying ftp://ftp.sra.ebi.ac.uk/vol1/fastq/ERR154/001/ERR1547081/ERR1547081.fastq.gz [OK]
Trying ftp://ftp.sra.ebi.ac.uk/vol1/fastq/ERR154/002/ERR1547082/ERR1547082.fastq.gz [OK]
Trying ftp://ftp.sra.ebi.ac.uk/vol1/fastq/ERR154/003/ERR1547083/ERR1547083.fastq.gz [OK]
Trying ftp://ftp.sra.ebi.ac.uk/vol1/fastq/ERR154/004/ERR1547084/ERR1547084.fastq.gz [OK]
Trying ftp://ftp.sra.ebi.ac.uk/vol1/fastq/ERR154/005/ERR1547085/ERR1547085.fastq.gz [OK]
Trying ftp://ftp.sra.ebi.ac.uk/vol1/fastq/ERR154/008/ERR1547088/ERR1547088.fastq.gz [OK]
Trying ftp://ftp.sra.ebi.ac.uk/vol1/fastq/ERR154/007/ERR1547087/ERR1547087.fastq.gz [OK]
Trying ftp://ftp.sra.ebi.ac.uk/vol1/fastq/ERR154/004/ERR1547094/ERR1547094.fastq.gz [OK]
Trying ftp://ftp.sra.ebi.ac.uk/vol1/fastq/ERR154/006/ERR1547086/ERR1547086.fastq.gz [OK]
Trying ftp://ftp.sra.ebi.ac.uk/vol1/fastq/ERR154/009/ERR1547089/ERR1547089.fastq.gz [OK]
Trying ftp://ftp.sra.ebi.ac.uk/vol1/fastq/ERR154/000/ERR1547090/ERR1547090.fastq.gz [OK]
Trying ftp://ftp.sra.ebi.ac.uk/vol1/fastq/ERR154/002/ERR1547092/ERR1547092.fastq.gz [OK]
Trying ftp://ftp.sra.ebi.ac.uk/vol1/fastq/ERR154/001/ERR1547091/ERR1547091.fastq.gz [OK]
Trying ftp://ftp.sra.ebi.ac.uk/vol1/fastq/ERR154/005/ERR1547095/ERR1547095.fastq.gz [OK]
Trying ftp://ftp.sra.ebi.ac.uk/vol1/fastq/ERR154/003/ERR1547093/ERR1547093.fastq.gz [OK]
Trying ftp://ftp.sra.ebi.ac.uk/vol1/fastq/ERR154/006/ERR1547096/ERR1547096.fastq.gz [OK]
Trying ftp://ftp.sra.ebi.ac.uk/vol1/fastq/ERR154/009/ERR1547099/ERR1547099.fastq.gz [OK]
Trying ftp://ftp.sra.ebi.ac.uk/vol1/fastq/ERR154/000/ERR1547100/ERR1547100.fastq.gz [OK]
Trying ftp://ftp.sra.ebi.ac.uk/vol1/fastq/ERR154/001/ERR1547101/ERR1547101.fastq.gz [OK]
Trying ftp://ftp.sra.ebi.ac.uk/vol1/fastq/ERR154/002/ERR1547102/ERR1547102.fastq.gz [OK]
Trying ftp://ftp.sra.ebi.ac.uk/vol1/fastq/ERR154/004/ERR1547104/ERR1547104.fastq.gz [OK]
Trying ftp://ftp.sra.ebi.ac.uk/vol1/fastq/ERR154/003/ERR1547103/ERR1547103.fastq.gz [OK]
Trying ftp://ftp.sra.ebi.ac.uk/vol1/fastq/ERR154/007/ERR1547097/ERR1547097.fastq.gz [OK]
Trying ftp://ftp.sra.ebi.ac.uk/vol1/fastq/ERR154/008/ERR1547098/ERR1547098.fastq.gz [OK]
Trying ftp://ftp.sra.ebi.ac.uk/vol1/fastq/ERR154/005/ERR1547105/ERR1547105.fastq.gz [OK]
Trying ftp://ftp.sra.ebi.ac.uk/vol1/fastq/ERR154/006/ERR1547106/ERR1547106.fastq.gz [OK]
Trying ftp://ftp.sra.ebi.ac.uk/vol1/fastq/ERR154/001/ERR1547111/ERR1547111.fastq.gz [OK]
Trying ftp://ftp.sra.ebi.ac.uk/vol1/fastq/ERR154/003/ERR1547113/ERR1547113.fastq.gz [OK]
Trying ftp://ftp.sra.ebi.ac.uk/vol1/fastq/ERR154/007/ERR1547107/ERR1547107.fastq.gz [OK]
Trying ftp://ftp.sra.ebi.ac.uk/vol1/fastq/ERR154/000/ERR1547110/ERR1547110.fastq.gz [OK]
Trying ftp://ftp.sra.ebi.ac.uk/vol1/fastq/ERR154/009/ERR1547109/ERR1547109.fastq.gz [OK]
Trying ftp://ftp.sra.ebi.ac.uk/vol1/fastq/ERR154/008/ERR1547108/ERR1547108.fastq.gz [OK]
Trying ftp://ftp.sra.ebi.ac.uk/vol1/fastq/ERR154/002/ERR1547112/ERR1547112.fastq.gz [OK]
Trying ftp://ftp.sra.ebi.ac.uk/vol1/fastq/ERR154/007/ERR1547117/ERR1547117.fastq.gz [OK]
Trying ftp://ftp.sra.ebi.ac.uk/vol1/fastq/ERR154/000/ERR1547120/ERR1547120.fastq.gz [OK]
Trying ftp://ftp.sra.ebi.ac.uk/vol1/fastq/ERR154/009/ERR1547119/ERR1547119.fastq.gz [OK]
Trying ftp://ftp.sra.ebi.ac.uk/vol1/fastq/ERR154/002/ERR1547122/ERR1547122.fastq.gz [OK]
Trying ftp://ftp.sra.ebi.ac.uk/vol1/fastq/ERR154/004/ERR1547114/ERR1547114.fastq.gz [OK]
Trying ftp://ftp.sra.ebi.ac.uk/vol1/fastq/ERR154/001/ERR1547121/ERR1547121.fastq.gz [OK]
Trying ftp://ftp.sra.ebi.ac.uk/vol1/fastq/ERR154/008/ERR1547118/ERR1547118.fastq.gz [OK]
Trying ftp://ftp.sra.ebi.ac.uk/vol1/fastq/ERR154/005/ERR1547115/ERR1547115.fastq.gz [OK]
Trying ftp://ftp.sra.ebi.ac.uk/vol1/fastq/ERR154/006/ERR1547116/ERR1547116.fastq.gz [OK]
Trying ftp://ftp.sra.ebi.ac.uk/vol1/fastq/ERR154/004/ERR1547124/ERR1547124.fastq.gz [OK]
Trying ftp://ftp.sra.ebi.ac.uk/vol1/fastq/ERR154/006/ERR1547126/ERR1547126.fastq.gz [OK]
Trying ftp://ftp.sra.ebi.ac.uk/vol1/fastq/ERR154/007/ERR1547127/ERR1547127.fastq.gz [OK]
Trying ftp://ftp.sra.ebi.ac.uk/vol1/fastq/ERR154/003/ERR1547123/ERR1547123.fastq.gz [OK]
Trying ftp://ftp.sra.ebi.ac.uk/vol1/fastq/ERR154/005/ERR1547125/ERR1547125.fastq.gz [OK]
[ALL DONE]
